# JRE version: Java(TM) SE Runtime Environment (21.0.2+13) (build 21.0.2+13-LTS-58)
# Java VM: Java HotSpot(TM) 64-Bit Server VM (21.0.2+13-LTS-58, mixed mode, sharing, tiered, compressed oops, compressed class ptrs, g1 gc, windows-amd64)
GC Precious Log:
 CardTable entry size: 512
 Card Set container configuration: InlinePtr #cards 5 size 8 Array Of Cards #cards 12 size 40 Howl #buckets 4 coarsen threshold 1843 Howl Bitmap #cards 512 size 80 coarsen threshold 460 Card regions per heap region 1 cards per card region 2048
 CPUs: 8 total, 8 available
 Memory: 7599M
 Large Page Support: Disabled
 NUMA Support: Disabled
 Compressed Oops: Enabled (32-bit)
 Heap Region Size: 1M
 Heap Min Capacity: 8M
 Heap Initial Capacity: 120M
 Heap Max Capacity: 1900M
 Pre-touch: Disabled
 Parallel Workers: 8
 Concurrent Workers: 2
 Concurrent Refinement Workers: 8
 Periodic GC: Disabled
Heap:
 garbage-first heap   total 61440K, used 19783K [0x0000000089400000, 0x0000000100000000)
  region size 1024K, 5 young (5120K), 3 survivors (3072K)
 Metaspace       used 36135K, committed 36672K, reserved 1114112K
  class space    used 4588K, committed 4800K, reserved 1048576K
GC Heap History (12 events):
Event: 0.700 GC heap before
{Heap before GC invocations=0 (full 0):
 garbage-first heap   total 122880K, used 23552K [0x0000000089400000, 0x0000000100000000)
  region size 1024K, 23 young (23552K), 0 survivors (0K)
 Metaspace       used 6758K, committed 6976K, reserved 1114112K
  class space    used 793K, committed 896K, reserved 1048576K
}
Event: 0.708 GC heap after
{Heap after GC invocations=1 (full 0):
 garbage-first heap   total 122880K, used 6848K [0x0000000089400000, 0x0000000100000000)
  region size 1024K, 3 young (3072K), 3 survivors (3072K)
 Metaspace       used 6758K, committed 6976K, reserved 1114112K
  class space    used 793K, committed 896K, reserved 1048576K
}
Event: 1.099 GC heap before
{Heap before GC invocations=1 (full 0):
 garbage-first heap   total 122880K, used 35520K [0x0000000089400000, 0x0000000100000000)
  region size 1024K, 32 young (32768K), 3 survivors (3072K)
 Metaspace       used 14907K, committed 15232K, reserved 1114112K
  class space    used 1779K, committed 1920K, reserved 1048576K
}
Event: 1.104 GC heap after
{Heap after GC invocations=2 (full 0):
 garbage-first heap   total 122880K, used 9734K [0x0000000089400000, 0x0000000100000000)
  region size 1024K, 3 young (3072K), 3 survivors (3072K)
 Metaspace       used 14907K, committed 15232K, reserved 1114112K
  class space    used 1779K, committed 1920K, reserved 1048576K
}
Event: 1.922 GC heap before
{Heap before GC invocations=2 (full 0):
 garbage-first heap   total 122880K, used 48646K [0x0000000089400000, 0x0000000100000000)
  region size 1024K, 42 young (43008K), 3 survivors (3072K)
 Metaspace       used 21287K, committed 21504K, reserved 1114112K
  class space    used 2592K, committed 2688K, reserved 1048576K
}
Event: 1.929 GC heap after
{Heap after GC invocations=3 (full 0):
 garbage-first heap   total 122880K, used 13767K [0x0000000089400000, 0x0000000100000000)
  region size 1024K, 7 young (7168K), 7 survivors (7168K)
 Metaspace       used 21287K, committed 21504K, reserved 1114112K
  class space    used 2592K, committed 2688K, reserved 1048576K
}
Event: 2.508 GC heap before
{Heap before GC invocations=4 (full 0):
 garbage-first heap   total 51200K, used 37319K [0x0000000089400000, 0x0000000100000000)
  region size 1024K, 30 young (30720K), 7 survivors (7168K)
 Metaspace       used 26022K, committed 26496K, reserved 1114112K
  class space    used 3291K, committed 3520K, reserved 1048576K
}
Event: 2.520 GC heap after
{Heap after GC invocations=5 (full 0):
 garbage-first heap   total 51200K, used 16124K [0x0000000089400000, 0x0000000100000000)
  region size 1024K, 3 young (3072K), 3 survivors (3072K)
 Metaspace       used 26022K, committed 26496K, reserved 1114112K
  class space    used 3291K, committed 3520K, reserved 1048576K
}
Event: 3.136 GC heap before
{Heap before GC invocations=5 (full 0):
 garbage-first heap   total 51200K, used 38652K [0x0000000089400000, 0x0000000100000000)
  region size 1024K, 26 young (26624K), 3 survivors (3072K)
 Metaspace       used 32006K, committed 32512K, reserved 1114112K
  class space    used 4001K, committed 4224K, reserved 1048576K
}
Event: 3.140 GC heap after
{Heap after GC invocations=6 (full 0):
 garbage-first heap   total 61440K, used 18139K [0x0000000089400000, 0x0000000100000000)
  region size 1024K, 3 young (3072K), 3 survivors (3072K)
 Metaspace       used 32006K, committed 32512K, reserved 1114112K
  class space    used 4001K, committed 4224K, reserved 1048576K
}
Event: 3.414 GC heap before
{Heap before GC invocations=6 (full 0):
 garbage-first heap   total 61440K, used 31451K [0x0000000089400000, 0x0000000100000000)
  region size 1024K, 17 young (17408K), 3 survivors (3072K)
 Metaspace       used 35629K, committed 36096K, reserved 1114112K
  class space    used 4514K, committed 4736K, reserved 1048576K
}
Event: 3.417 GC heap after
{Heap after GC invocations=7 (full 0):
 garbage-first heap   total 61440K, used 18759K [0x0000000089400000, 0x0000000100000000)
  region size 1024K, 3 young (3072K), 3 survivors (3072K)
 Metaspace       used 35629K, committed 36096K, reserved 1114112K
  class space    used 4514K, committed 4736K, reserved 1048576K
}

