# JRE version: Java(TM) SE Runtime Environment (21.0.2+13) (build 21.0.2+13-LTS-58)
# Java VM: Java HotSpot(TM) 64-Bit Server VM (21.0.2+13-LTS-58, mixed mode, sharing, tiered, compressed oops, compressed class ptrs, g1 gc, windows-amd64)
GC Precious Log:
 CardTable entry size: 512
 Card Set container configuration: InlinePtr #cards 5 size 8 Array Of Cards #cards 12 size 40 Howl #buckets 4 coarsen threshold 1843 Howl Bitmap #cards 512 size 80 coarsen threshold 460 Card regions per heap region 1 cards per card region 2048
 CPUs: 8 total, 8 available
 Memory: 7599M
 Large Page Support: Disabled
 NUMA Support: Disabled
 Compressed Oops: Enabled (32-bit)
 Heap Region Size: 1M
 Heap Min Capacity: 8M
 Heap Initial Capacity: 120M
 Heap Max Capacity: 1900M
 Pre-touch: Disabled
 Parallel Workers: 8
 Concurrent Workers: 2
 Concurrent Refinement Workers: 8
 Periodic GC: Disabled
Heap:
 garbage-first heap   total 58368K, used 30111K [0x0000000089400000, 0x0000000100000000)
  region size 1024K, 9 young (9216K), 3 survivors (3072K)
 Metaspace       used 61157K, committed 61824K, reserved 1114112K
  class space    used 8320K, committed 8576K, reserved 1048576K
GC Heap History (20 events):
Event: 0.704 GC heap before
{Heap before GC invocations=0 (full 0):
 garbage-first heap   total 122880K, used 23552K [0x0000000089400000, 0x0000000100000000)
  region size 1024K, 23 young (23552K), 0 survivors (0K)
 Metaspace       used 6761K, committed 6976K, reserved 1114112K
  class space    used 793K, committed 896K, reserved 1048576K
}
Event: 0.711 GC heap after
{Heap after GC invocations=1 (full 0):
 garbage-first heap   total 122880K, used 6859K [0x0000000089400000, 0x0000000100000000)
  region size 1024K, 3 young (3072K), 3 survivors (3072K)
 Metaspace       used 6761K, committed 6976K, reserved 1114112K
  class space    used 793K, committed 896K, reserved 1048576K
}
Event: 1.078 GC heap before
{Heap before GC invocations=1 (full 0):
 garbage-first heap   total 122880K, used 35531K [0x0000000089400000, 0x0000000100000000)
  region size 1024K, 32 young (32768K), 3 survivors (3072K)
 Metaspace       used 14874K, committed 15168K, reserved 1114112K
  class space    used 1775K, committed 1920K, reserved 1048576K
}
Event: 1.083 GC heap after
{Heap after GC invocations=2 (full 0):
 garbage-first heap   total 122880K, used 9616K [0x0000000089400000, 0x0000000100000000)
  region size 1024K, 3 young (3072K), 3 survivors (3072K)
 Metaspace       used 14874K, committed 15168K, reserved 1114112K
  class space    used 1775K, committed 1920K, reserved 1048576K
}
Event: 1.887 GC heap before
{Heap before GC invocations=2 (full 0):
 garbage-first heap   total 122880K, used 47504K [0x0000000089400000, 0x0000000100000000)
  region size 1024K, 41 young (41984K), 3 survivors (3072K)
 Metaspace       used 21236K, committed 21504K, reserved 1114112K
  class space    used 2580K, committed 2688K, reserved 1048576K
}
Event: 1.894 GC heap after
{Heap after GC invocations=3 (full 0):
 garbage-first heap   total 122880K, used 13025K [0x0000000089400000, 0x0000000100000000)
  region size 1024K, 6 young (6144K), 6 survivors (6144K)
 Metaspace       used 21236K, committed 21504K, reserved 1114112K
  class space    used 2580K, committed 2688K, reserved 1048576K
}
Event: 2.416 GC heap before
{Heap before GC invocations=4 (full 0):
 garbage-first heap   total 48128K, used 35553K [0x0000000089400000, 0x0000000100000000)
  region size 1024K, 28 young (28672K), 6 survivors (6144K)
 Metaspace       used 25217K, committed 25664K, reserved 1114112K
  class space    used 3198K, committed 3392K, reserved 1048576K
}
Event: 2.426 GC heap after
{Heap after GC invocations=5 (full 0):
 garbage-first heap   total 48128K, used 15727K [0x0000000089400000, 0x0000000100000000)
  region size 1024K, 3 young (3072K), 3 survivors (3072K)
 Metaspace       used 25217K, committed 25664K, reserved 1114112K
  class space    used 3198K, committed 3392K, reserved 1048576K
}
Event: 3.042 GC heap before
{Heap before GC invocations=5 (full 0):
 garbage-first heap   total 48128K, used 37231K [0x0000000089400000, 0x0000000100000000)
  region size 1024K, 24 young (24576K), 3 survivors (3072K)
 Metaspace       used 30989K, committed 31552K, reserved 1114112K
  class space    used 3915K, committed 4160K, reserved 1048576K
}
Event: 3.046 GC heap after
{Heap after GC invocations=6 (full 0):
 garbage-first heap   total 48128K, used 17485K [0x0000000089400000, 0x0000000100000000)
  region size 1024K, 3 young (3072K), 3 survivors (3072K)
 Metaspace       used 30989K, committed 31552K, reserved 1114112K
  class space    used 3915K, committed 4160K, reserved 1048576K
}
Event: 3.341 GC heap before
{Heap before GC invocations=6 (full 0):
 garbage-first heap   total 48128K, used 32845K [0x0000000089400000, 0x0000000100000000)
  region size 1024K, 19 young (19456K), 3 survivors (3072K)
 Metaspace       used 35468K, committed 35968K, reserved 1114112K
  class space    used 4493K, committed 4736K, reserved 1048576K
}
Event: 3.343 GC heap after
{Heap after GC invocations=7 (full 0):
 garbage-first heap   total 48128K, used 18422K [0x0000000089400000, 0x0000000100000000)
  region size 1024K, 2 young (2048K), 2 survivors (2048K)
 Metaspace       used 35468K, committed 35968K, reserved 1114112K
  class space    used 4493K, committed 4736K, reserved 1048576K
}
Event: 3.779 GC heap before
{Heap before GC invocations=8 (full 0):
 garbage-first heap   total 48128K, used 38902K [0x0000000089400000, 0x0000000100000000)
  region size 1024K, 22 young (22528K), 2 survivors (2048K)
 Metaspace       used 41037K, committed 41536K, reserved 1114112K
  class space    used 5355K, committed 5568K, reserved 1048576K
}
Event: 3.781 GC heap after
{Heap after GC invocations=9 (full 0):
 garbage-first heap   total 58368K, used 19630K [0x0000000089400000, 0x0000000100000000)
  region size 1024K, 3 young (3072K), 3 survivors (3072K)
 Metaspace       used 41037K, committed 41536K, reserved 1114112K
  class space    used 5355K, committed 5568K, reserved 1048576K
}
Event: 4.439 GC heap before
{Heap before GC invocations=9 (full 0):
 garbage-first heap   total 58368K, used 49326K [0x0000000089400000, 0x0000000100000000)
  region size 1024K, 32 young (32768K), 3 survivors (3072K)
 Metaspace       used 50605K, committed 51200K, reserved 1114112K
  class space    used 6826K, committed 7104K, reserved 1048576K
}
Event: 4.443 GC heap after
{Heap after GC invocations=10 (full 0):
 garbage-first heap   total 58368K, used 20925K [0x0000000089400000, 0x0000000100000000)
  region size 1024K, 3 young (3072K), 3 survivors (3072K)
 Metaspace       used 50605K, committed 51200K, reserved 1114112K
  class space    used 6826K, committed 7104K, reserved 1048576K
}
Event: 5.062 GC heap before
{Heap before GC invocations=10 (full 0):
 garbage-first heap   total 58368K, used 50621K [0x0000000089400000, 0x0000000100000000)
  region size 1024K, 32 young (32768K), 3 survivors (3072K)
 Metaspace       used 55601K, committed 56256K, reserved 1114112K
  class space    used 7512K, committed 7808K, reserved 1048576K
}
Event: 5.066 GC heap after
{Heap after GC invocations=11 (full 0):
 garbage-first heap   total 58368K, used 23735K [0x0000000089400000, 0x0000000100000000)
  region size 1024K, 4 young (4096K), 4 survivors (4096K)
 Metaspace       used 55601K, committed 56256K, reserved 1114112K
  class space    used 7512K, committed 7808K, reserved 1048576K
}
Event: 10.550 GC heap before
{Heap before GC invocations=11 (full 0):
 garbage-first heap   total 58368K, used 43191K [0x0000000089400000, 0x0000000100000000)
  region size 1024K, 25 young (25600K), 4 survivors (4096K)
 Metaspace       used 59561K, committed 60160K, reserved 1114112K
  class space    used 8008K, committed 8256K, reserved 1048576K
}
Event: 10.555 GC heap after
{Heap after GC invocations=12 (full 0):
 garbage-first heap   total 58368K, used 26015K [0x0000000089400000, 0x0000000100000000)
  region size 1024K, 3 young (3072K), 3 survivors (3072K)
 Metaspace       used 59561K, committed 60160K, reserved 1114112K
  class space    used 8008K, committed 8256K, reserved 1048576K
}

